<?xml version="1.0" encoding="UTF-8" ?>
<testsuites name="vitest tests" tests="54" failures="0" errors="0" time="3.832">
    <testsuite name="src/App.routes.test.jsx" timestamp="2026-04-20T18:45:59.742Z" hostname="Prudhvi-2412" tests="52" failures="0" errors="0" skipped="0" time="0.2161167">
        <testcase classname="src/App.routes.test.jsx" name="App route smoke tests &gt; renders expected page for route /" time="0.0540084">
        </testcase>
        <testcase classname="src/App.routes.test.jsx" name="App route smoke tests &gt; renders expected page for route /admin-login" time="0.0077833">
        </testcase>
        <testcase classname="src/App.routes.test.jsx" name="App route smoke tests &gt; renders expected page for route /platform-manager-login" time="0.0054017">
        </testcase>
        <testcase classname="src/App.routes.test.jsx" name="App route smoke tests &gt; renders expected page for route /customerdashboard" time="0.0063866">
        </testcase>
        <testcase classname="src/App.routes.test.jsx" name="App route smoke tests &gt; renders expected page for route /customerdashboard/" time="0.0052062">
        </testcase>
        <testcase classname="src/App.routes.test.jsx" name="App route smoke tests &gt; renders expected page for route /customerdashboard/profile" time="0.0048791">
        </testcase>
        <testcase classname="src/App.routes.test.jsx" name="App route smoke tests &gt; renders expected page for route /customerdashboard/projects" time="0.0050705">
        </testcase>
        <testcase classname="src/App.routes.test.jsx" name="App route smoke tests &gt; renders expected page for route /customerdashboard/jobs" time="0.0053516">
        </testcase>
        <testcase classname="src/App.routes.test.jsx" name="App route smoke tests &gt; renders expected page for route /customerdashboard/settings" time="0.0058157">
        </testcase>
        <testcase classname="src/App.routes.test.jsx" name="App route smoke tests &gt; renders expected page for route /customerdashboard/ongoing" time="0.0041369">
        </testcase>
        <testcase classname="src/App.routes.test.jsx" name="App route smoke tests &gt; renders expected page for route /customerdashboard/history" time="0.0031602">
        </testcase>
        <testcase classname="src/App.routes.test.jsx" name="App route smoke tests &gt; renders expected page for route /companydashboard" time="0.0022959">
        </testcase>
        <testcase classname="src/App.routes.test.jsx" name="App route smoke tests &gt; renders expected page for route /companydashboard/" time="0.002352">
        </testcase>
        <testcase classname="src/App.routes.test.jsx" name="App route smoke tests &gt; renders expected page for route /companydashboard/projects" time="0.0027769">
        </testcase>
        <testcase classname="src/App.routes.test.jsx" name="App route smoke tests &gt; renders expected page for route /companydashboard/revenue" time="0.0025735">
        </testcase>
        <testcase classname="src/App.routes.test.jsx" name="App route smoke tests &gt; renders expected page for route /companydashboard/hiring" time="0.0024837">
        </testcase>
        <testcase classname="src/App.routes.test.jsx" name="App route smoke tests &gt; renders expected page for route /companydashboard/bids" time="0.0029544">
        </testcase>
        <testcase classname="src/App.routes.test.jsx" name="App route smoke tests &gt; renders expected page for route /companydashboard/settings" time="0.0035819">
        </testcase>
        <testcase classname="src/App.routes.test.jsx" name="App route smoke tests &gt; renders expected page for route /companydashboard/employees" time="0.0036524">
        </testcase>
        <testcase classname="src/App.routes.test.jsx" name="App route smoke tests &gt; renders expected page for route /workerdashboard" time="0.0028754">
        </testcase>
        <testcase classname="src/App.routes.test.jsx" name="App route smoke tests &gt; renders expected page for route /workerdashboard/" time="0.0030017">
        </testcase>
        <testcase classname="src/App.routes.test.jsx" name="App route smoke tests &gt; renders expected page for route /workerdashboard/jobs" time="0.0029585">
        </testcase>
        <testcase classname="src/App.routes.test.jsx" name="App route smoke tests &gt; renders expected page for route /workerdashboard/ongoing" time="0.0040446">
        </testcase>
        <testcase classname="src/App.routes.test.jsx" name="App route smoke tests &gt; renders expected page for route /workerdashboard/settings" time="0.0028372">
        </testcase>
        <testcase classname="src/App.routes.test.jsx" name="App route smoke tests &gt; renders expected page for route /workerdashboard/profile" time="0.0035991">
        </testcase>
        <testcase classname="src/App.routes.test.jsx" name="App route smoke tests &gt; renders expected page for route /workerdashboard/my-company" time="0.0029543">
        </testcase>
        <testcase classname="src/App.routes.test.jsx" name="App route smoke tests &gt; renders expected page for route /admin-view" time="0.0047708">
        </testcase>
        <testcase classname="src/App.routes.test.jsx" name="App route smoke tests &gt; renders expected page for route /admin-view/" time="0.0017132">
        </testcase>
        <testcase classname="src/App.routes.test.jsx" name="App route smoke tests &gt; renders expected page for route /admin-view/users" time="0.0016173">
        </testcase>
        <testcase classname="src/App.routes.test.jsx" name="App route smoke tests &gt; renders expected page for route /admin-view/revenue" time="0.0019009">
        </testcase>
        <testcase classname="src/App.routes.test.jsx" name="App route smoke tests &gt; renders expected page for route /admin-view/analytics" time="0.0025131">
        </testcase>
        <testcase classname="src/App.routes.test.jsx" name="App route smoke tests &gt; renders expected page for route /admin-view/settings" time="0.0024373">
        </testcase>
        <testcase classname="src/App.routes.test.jsx" name="App route smoke tests &gt; renders expected page for route /platform-manager" time="0.0030185">
        </testcase>
        <testcase classname="src/App.routes.test.jsx" name="App route smoke tests &gt; renders expected page for route /platform-manager/" time="0.0026915">
        </testcase>
        <testcase classname="src/App.routes.test.jsx" name="App route smoke tests &gt; renders expected page for route /platform-manager/dashboard" time="0.0032131">
        </testcase>
        <testcase classname="src/App.routes.test.jsx" name="App route smoke tests &gt; renders expected page for route /platform-manager/verification" time="0.0033912">
        </testcase>
        <testcase classname="src/App.routes.test.jsx" name="App route smoke tests &gt; renders expected page for route /platform-manager/payments" time="0.0021721">
        </testcase>
        <testcase classname="src/App.routes.test.jsx" name="App route smoke tests &gt; renders expected page for route /platform-manager/complaints" time="0.003485">
        </testcase>
        <testcase classname="src/App.routes.test.jsx" name="App route smoke tests &gt; renders expected page for route /not-found" time="0.0018947">
        </testcase>
        <testcase classname="src/App.routes.test.jsx" name="App route smoke tests &gt; renders expected page for route /unauthorized" time="0.0022739">
        </testcase>
        <testcase classname="src/App.routes.test.jsx" name="App route smoke tests &gt; renders expected page for route /some-random-route" time="0.0021753">
        </testcase>
        <testcase classname="src/App.routes.test.jsx" name="App route smoke tests &gt; renders expected page for route /random" time="0.0017084">
        </testcase>
        <testcase classname="src/App.routes.test.jsx" name="App route smoke tests &gt; renders expected page for route /unknown/path" time="0.0017231">
        </testcase>
        <testcase classname="src/App.routes.test.jsx" name="App route smoke tests &gt; renders expected page for route /admin" time="0.0025275">
        </testcase>
        <testcase classname="src/App.routes.test.jsx" name="App route smoke tests &gt; renders expected page for route /customer" time="0.0018088">
        </testcase>
        <testcase classname="src/App.routes.test.jsx" name="App route smoke tests &gt; renders expected page for route /company" time="0.0016575">
        </testcase>
        <testcase classname="src/App.routes.test.jsx" name="App route smoke tests &gt; renders expected page for route /worker" time="0.0018521">
        </testcase>
        <testcase classname="src/App.routes.test.jsx" name="App route smoke tests &gt; renders expected page for route /platform" time="0.0021962">
        </testcase>
        <testcase classname="src/App.routes.test.jsx" name="App route smoke tests &gt; renders expected page for route /__invalid__" time="0.0017057">
        </testcase>
        <testcase classname="src/App.routes.test.jsx" name="App route smoke tests &gt; renders expected page for route /...." time="0.00159">
        </testcase>
        <testcase classname="src/App.routes.test.jsx" name="App route smoke tests &gt; renders expected page for route /123" time="0.0022969">
        </testcase>
        <testcase classname="src/App.routes.test.jsx" name="App route smoke tests &gt; renders expected page for route /abc/def/ghi" time="0.0022925">
        </testcase>
    </testsuite>
    <testsuite name="src/api/axiosInstance.test.js" timestamp="2026-04-20T18:45:59.755Z" hostname="Prudhvi-2412" tests="2" failures="0" errors="0" skipped="0" time="0.0033509">
        <testcase classname="src/api/axiosInstance.test.js" name="axiosInstance &gt; enables credentials by default" time="0.0016037">
        </testcase>
        <testcase classname="src/api/axiosInstance.test.js" name="axiosInstance &gt; has a string baseURL value" time="0.000294">
        </testcase>
    </testsuite>
</testsuites>
